Using pre-set license
Built from '2021.3/staging' branch; Version is '2021.3.10f1 (1c7d0df0160b) revision 1867021'; Using compiler version '192829333'; Build Type 'Release'
OS: 'Windows 10  (10.0.19044) 64bit Core' Language: 'tr' Physical Memory: 16343 MB
BatchMode: 1, IsHumanControllingUs: 0, StartBugReporterOnCrash: 0, Is64bit: 1, IsPro: 1

COMMAND LINE ARGUMENTS:
D:\Program Files\Unity\Hub\Editor\2021.3.10f1\Editor\Unity.exe
-adb2
-batchMode
-noUpm
-name
AssetImportWorker0
-projectPath
D:/Users/Suleyman/GitHub Clone/Terminal_Hacker
-logFile
Logs/AssetImportWorker0.log
-srvPort
50581
Successfully changed project path to: D:/Users/Suleyman/GitHub Clone/Terminal_Hacker
D:/Users/Suleyman/GitHub Clone/Terminal_Hacker
[UnityMemory] Configuration Parameters - Can be set up in boot.config
    "memorysetup-bucket-allocator-granularity=16"
    "memorysetup-bucket-allocator-bucket-count=8"
    "memorysetup-bucket-allocator-block-size=33554432"
    "memorysetup-bucket-allocator-block-count=8"
    "memorysetup-main-allocator-block-size=16777216"
    "memorysetup-thread-allocator-block-size=16777216"
    "memorysetup-gfx-main-allocator-block-size=16777216"
    "memorysetup-gfx-thread-allocator-block-size=16777216"
    "memorysetup-cache-allocator-block-size=4194304"
    "memorysetup-typetree-allocator-block-size=2097152"
    "memorysetup-profiler-bucket-allocator-granularity=16"
    "memorysetup-profiler-bucket-allocator-bucket-count=8"
    "memorysetup-profiler-bucket-allocator-block-size=33554432"
    "memorysetup-profiler-bucket-allocator-block-count=8"
    "memorysetup-profiler-allocator-block-size=16777216"
    "memorysetup-profiler-editor-allocator-block-size=1048576"
    "memorysetup-temp-allocator-size-main=16777216"
    "memorysetup-job-temp-allocator-block-size=2097152"
    "memorysetup-job-temp-allocator-block-size-background=1048576"
    "memorysetup-job-temp-allocator-reduction-small-platforms=262144"
    "memorysetup-temp-allocator-size-background-worker=32768"
    "memorysetup-temp-allocator-size-job-worker=262144"
    "memorysetup-temp-allocator-size-preload-manager=33554432"
    "memorysetup-temp-allocator-size-nav-mesh-worker=65536"
    "memorysetup-temp-allocator-size-audio-worker=65536"
    "memorysetup-temp-allocator-size-cloud-worker=32768"
    "memorysetup-temp-allocator-size-gi-baking-worker=262144"
    "memorysetup-temp-allocator-size-gfx=262144"
Refreshing native plugins compatible for Editor in 80.02 ms, found 3 plugins.
Preloading 0 native plugins for Editor in 0.00 ms.
Initialize engine version: 2021.3.10f1 (1c7d0df0160b)
[Subsystems] Discovering subsystems at path D:/Program Files/Unity/Hub/Editor/2021.3.10f1/Editor/Data/Resources/UnitySubsystems
[Subsystems] Discovering subsystems at path D:/Users/Suleyman/GitHub Clone/Terminal_Hacker/Assets
GfxDevice: creating device client; threaded=0; jobified=0
Direct3D:
    Version:  Direct3D 11.0 [level 11.1]
    Renderer: NVIDIA GeForce GTX 1070 (ID=0x1b81)
    Vendor:   NVIDIA
    VRAM:     8088 MB
    Driver:   30.0.15.1215
Initialize mono
Mono path[0] = 'D:/Program Files/Unity/Hub/Editor/2021.3.10f1/Editor/Data/Managed'
Mono path[1] = 'D:/Program Files/Unity/Hub/Editor/2021.3.10f1/Editor/Data/MonoBleedingEdge/lib/mono/unityjit-win32'
Mono config path = 'D:/Program Files/Unity/Hub/Editor/2021.3.10f1/Editor/Data/MonoBleedingEdge/etc'
Using monoOptions --debugger-agent=transport=dt_socket,embedding=1,server=y,suspend=n,address=127.0.0.1:56768
Begin MonoManager ReloadAssembly
Registering precompiled unity dll's ...
Register platform support module: D:/Program Files/Unity/Hub/Editor/2021.3.10f1/Editor/Data/PlaybackEngines/WebGLSupport/UnityEditor.WebGL.Extensions.dll
Register platform support module: D:/Program Files/Unity/Hub/Editor/2021.3.10f1/Editor/Data/PlaybackEngines/AndroidPlayer/UnityEditor.Android.Extensions.dll
Register platform support module: D:/Program Files/Unity/Hub/Editor/2021.3.10f1/Editor/Data/PlaybackEngines/WindowsStandaloneSupport/UnityEditor.WindowsStandalone.Extensions.dll
Register platform support module: D:/Program Files/Unity/Hub/Editor/2021.3.10f1/Editor/Data/PlaybackEngines/MetroSupport/UnityEditor.UWP.Extensions.dll
Registered in 0.005734 seconds.
Native extension for UWP target not found
Native extension for WindowsStandalone target not found
Native extension for Android target not found
Native extension for WebGL target not found
Refreshing native plugins compatible for Editor in 72.47 ms, found 3 plugins.
Preloading 0 native plugins for Editor in 0.00 ms.
Mono: successfully reloaded assembly
- Completed reload, in  0.632 seconds
Domain Reload Profiling:
	ReloadAssembly (632ms)
		BeginReloadAssembly (84ms)
			ExecutionOrderSort (0ms)
			DisableScriptedObjects (0ms)
			BackupInstance (0ms)
			ReleaseScriptingObjects (0ms)
			CreateAndSetChildDomain (1ms)
		EndReloadAssembly (447ms)
			LoadAssemblies (85ms)
			RebuildTransferFunctionScriptingTraits (0ms)
			SetupTypeCache (113ms)
			ReleaseScriptCaches (0ms)
			RebuildScriptCaches (27ms)
			SetupLoadedEditorAssemblies (262ms)
				LogAssemblyErrors (0ms)
				InitializePlatformSupportModulesInManaged (53ms)
				SetLoadedEditorAssemblies (0ms)
				RefreshPlugins (73ms)
				BeforeProcessingInitializeOnLoad (1ms)
				ProcessInitializeOnLoadAttributes (95ms)
				ProcessInitializeOnLoadMethodAttributes (41ms)
				AfterProcessingInitializeOnLoad (0ms)
				EditorAssembliesLoaded (0ms)
			ExecutionOrderSort2 (0ms)
			AwakeInstancesAfterBackupRestoration (0ms)
Platform modules already initialized, skipping
Registering precompiled user dll's ...
Registered in 0.005509 seconds.
Begin MonoManager ReloadAssembly
Native extension for UWP target not found
Native extension for WindowsStandalone target not found
Native extension for Android target not found
Native extension for WebGL target not found
Refreshing native plugins compatible for Editor in 0.46 ms, found 3 plugins.
Preloading 0 native plugins for Editor in 0.00 ms.
Mono: successfully reloaded assembly
- Completed reload, in  1.254 seconds
Domain Reload Profiling:
	ReloadAssembly (1255ms)
		BeginReloadAssembly (224ms)
			ExecutionOrderSort (0ms)
			DisableScriptedObjects (5ms)
			BackupInstance (0ms)
			ReleaseScriptingObjects (0ms)
			CreateAndSetChildDomain (127ms)
		EndReloadAssembly (926ms)
			LoadAssemblies (92ms)
			RebuildTransferFunctionScriptingTraits (0ms)
			SetupTypeCache (270ms)
			ReleaseScriptCaches (1ms)
			RebuildScriptCaches (52ms)
			SetupLoadedEditorAssemblies (467ms)
				LogAssemblyErrors (0ms)
				InitializePlatformSupportModulesInManaged (15ms)
				SetLoadedEditorAssemblies (0ms)
				RefreshPlugins (1ms)
				BeforeProcessingInitializeOnLoad (93ms)
				ProcessInitializeOnLoadAttributes (328ms)
				ProcessInitializeOnLoadMethodAttributes (27ms)
				AfterProcessingInitializeOnLoad (3ms)
				EditorAssembliesLoaded (0ms)
			ExecutionOrderSort2 (0ms)
			AwakeInstancesAfterBackupRestoration (6ms)
Platform modules already initialized, skipping
========================================================================
Worker process is ready to serve import requests
Launched and connected shader compiler UnityShaderCompiler.exe after 0.04 seconds
Refreshing native plugins compatible for Editor in 0.69 ms, found 3 plugins.
Preloading 0 native plugins for Editor in 0.00 ms.
Unloading 3266 Unused Serialized files (Serialized files now loaded: 0)
Unloading 24 unused Assets / (56.4 KB). Loaded Objects now: 3727.
Memory consumption went from 112.0 MB to 111.9 MB.
Total: 2.742800 ms (FindLiveObjects: 0.218800 ms CreateObjectMapping: 0.166700 ms MarkObjects: 2.286800 ms  DeleteObjects: 0.069500 ms)

AssetImportParameters requested are different than current active one (requested -> active):
  custom:video-decoder-ogg-theora: a1e56fd34408186e4bbccfd4996cb3dc -> 
  custom:container-muxer-webm: aa71ff27fc2769a1b78a27578f13a17b -> 
  custom:container-demuxer-webm: 4f35f7cbe854078d1ac9338744f61a02 -> 
  custom:video-encoder-webm-vp8: eb34c28f22e8b96e1ab97ce403110664 -> 
  custom:video-codec-MediaFoundation-h265: 746d11721c4dcdbdad8f713fa42b33f4 -> 
  custom:audio-encoder-webm-vorbis: bf7c407c2cedff20999df2af8eb42d56 -> 
  custom:framework-win-MediaFoundation: 216162199b28c13a410421893ffa2e32 -> 
  custom:container-demuxer-ogg: 62fdf1f143b41e24485cea50d1cbac27 -> 
  custom:video-decoder-webm-vp8: 9c59270c3fd7afecdb556c50c9e8de78 -> 
  custom:audio-decoder-ogg-vorbis: bf7c407c2cedff20999df2af8eb42d56 -> 
========================================================================
Received Import Request.
  Time since last request: 540009.021401 seconds.
  path: Assets/WM2000/Keyboard/Typing_04.ogg
  artifactKey: Guid(a7ef82362aa81324f8fe23d9b3c3340c) Importer(815301076,1909f56bfc062723c751e8b465ee728b)
Start importing Assets/WM2000/Keyboard/Typing_04.ogg using Guid(a7ef82362aa81324f8fe23d9b3c3340c) Importer(815301076,1909f56bfc062723c751e8b465ee728b)  -> (artifact id: '2197ef5c137cd4191a194283e6a599e7') in 0.172983 seconds 
========================================================================
Received Import Request.
  Time since last request: 0.000021 seconds.
  path: Assets/WM2000/Display/CONSOLA.TTF
  artifactKey: Guid(138991e1d9d76cc41b0a352f3d80b23f) Importer(815301076,1909f56bfc062723c751e8b465ee728b)
Start importing Assets/WM2000/Display/CONSOLA.TTF using Guid(138991e1d9d76cc41b0a352f3d80b23f) Importer(815301076,1909f56bfc062723c751e8b465ee728b)  -> (artifact id: 'a55f174f3ae548c849145b3bce43a002') in 0.187527 seconds 
========================================================================
Received Import Request.
  Time since last request: 0.000040 seconds.
  path: Assets/WM2000/Display/Old CRT v.1.11.png
  artifactKey: Guid(352bbc3b6aced404f8230cc7623347a9) Importer(815301076,1909f56bfc062723c751e8b465ee728b)
Start importing Assets/WM2000/Display/Old CRT v.1.11.png using Guid(352bbc3b6aced404f8230cc7623347a9) Importer(815301076,1909f56bfc062723c751e8b465ee728b)  -> (artifact id: '61667e50ae374f78c30111a4e0d34211') in 0.159335 seconds 
========================================================================
Received Import Request.
  Time since last request: 0.000020 seconds.
  path: Assets/WM2000/Keyboard/Typing_01.ogg
  artifactKey: Guid(cc3a01637d47b64438910728b6fb6fed) Importer(815301076,1909f56bfc062723c751e8b465ee728b)
Start importing Assets/WM2000/Keyboard/Typing_01.ogg using Guid(cc3a01637d47b64438910728b6fb6fed) Importer(815301076,1909f56bfc062723c751e8b465ee728b)  -> (artifact id: 'b9345f506baf01651cf00b9238ac031a') in 0.017437 seconds 
========================================================================
Received Import Request.
  Time since last request: 0.000022 seconds.
  path: Assets/WM2000/Keyboard/Typing_03.ogg
  artifactKey: Guid(3b7e14641be3a6546b7c1930a2f19a93) Importer(815301076,1909f56bfc062723c751e8b465ee728b)
Start importing Assets/WM2000/Keyboard/Typing_03.ogg using Guid(3b7e14641be3a6546b7c1930a2f19a93) Importer(815301076,1909f56bfc062723c751e8b465ee728b)  -> (artifact id: '77850b48812a5395cf2d88dcdcae6e8c') in 0.013462 seconds 
========================================================================
Received Import Request.
  Time since last request: 0.000019 seconds.
  path: Assets/WM2000/Terminal/Digital Hum.wav
  artifactKey: Guid(fafdc170b7d1cec458baeca21caf91e7) Importer(815301076,1909f56bfc062723c751e8b465ee728b)
Start importing Assets/WM2000/Terminal/Digital Hum.wav using Guid(fafdc170b7d1cec458baeca21caf91e7) Importer(815301076,1909f56bfc062723c751e8b465ee728b)  -> (artifact id: '619ab7c4768f450cbf7153ad4f1bb361') in 0.015872 seconds 
========================================================================
Received Import Request.
  Time since last request: 0.000021 seconds.
  path: Assets/WM2000/Keyboard/Typing_02.ogg
  artifactKey: Guid(7e761763480b09d4bad0e18d22ab7ed2) Importer(815301076,1909f56bfc062723c751e8b465ee728b)
Start importing Assets/WM2000/Keyboard/Typing_02.ogg using Guid(7e761763480b09d4bad0e18d22ab7ed2) Importer(815301076,1909f56bfc062723c751e8b465ee728b)  -> (artifact id: '2c520ec32a72a97e7739d2b609d9edd7') in 0.014874 seconds 
========================================================================
Received Import Request.
  Time since last request: 0.000027 seconds.
  path: Assets/WM2000/Terminal/alarm_beep_warning_01.wav
  artifactKey: Guid(8e8092f6294c3414791f5dd77260f0fd) Importer(815301076,1909f56bfc062723c751e8b465ee728b)
Start importing Assets/WM2000/Terminal/alarm_beep_warning_01.wav using Guid(8e8092f6294c3414791f5dd77260f0fd) Importer(815301076,1909f56bfc062723c751e8b465ee728b)  -> (artifact id: '82456b65d41c25c6bab5426d7daf4058') in 0.014522 seconds 
